{"numTotalTestSuites":13,"numPassedTestSuites":9,"numFailedTestSuites":4,"numPendingTestSuites":0,"numTotalTests":36,"numPassedTests":35,"numFailedTests":1,"numPendingTests":0,"numTodoTests":0,"snapshot":{"added":0,"failure":false,"filesAdded":0,"filesRemoved":0,"filesRemovedList":[],"filesUnmatched":0,"filesUpdated":0,"matched":0,"total":0,"unchecked":0,"uncheckedKeysByFile":[],"unmatched":0,"updated":0,"didUpdate":false},"startTime":1767469974035,"success":false,"testResults":[{"assertionResults":[{"ancestorTitles":["safeNavigate","validateInternalRoute","valid internal routes"],"fullName":"safeNavigate validateInternalRoute valid internal routes accepts simple paths","status":"passed","title":"accepts simple paths","duration":7.112400000000093,"failureMessages":[],"meta":{}},{"ancestorTitles":["safeNavigate","validateInternalRoute","valid internal routes"],"fullName":"safeNavigate validateInternalRoute valid internal routes accepts nested paths","status":"passed","title":"accepts nested paths","duration":1.1838000000000193,"failureMessages":[],"meta":{}},{"ancestorTitles":["safeNavigate","validateInternalRoute","valid internal routes"],"fullName":"safeNavigate validateInternalRoute valid internal routes accepts root path","status":"passed","title":"accepts root path","duration":0.6746999999999161,"failureMessages":[],"meta":{}},{"ancestorTitles":["safeNavigate","validateInternalRoute","valid internal routes"],"fullName":"safeNavigate validateInternalRoute valid internal routes normalizes paths without leading slash","status":"passed","title":"normalizes paths without leading slash","duration":1.1739999999999782,"failureMessages":[],"meta":{}},{"ancestorTitles":["safeNavigate","validateInternalRoute","dangerous protocol blocking"],"fullName":"safeNavigate validateInternalRoute dangerous protocol blocking blocks javascript: protocol","status":"passed","title":"blocks javascript: protocol","duration":1.008299999999963,"failureMessages":[],"meta":{}},{"ancestorTitles":["safeNavigate","validateInternalRoute","dangerous protocol blocking"],"fullName":"safeNavigate validateInternalRoute dangerous protocol blocking blocks data: protocol","status":"passed","title":"blocks data: protocol","duration":0.4759999999999991,"failureMessages":[],"meta":{}},{"ancestorTitles":["safeNavigate","validateInternalRoute","dangerous protocol blocking"],"fullName":"safeNavigate validateInternalRoute dangerous protocol blocking blocks vbscript: protocol","status":"passed","title":"blocks vbscript: protocol","duration":0.4449000000000751,"failureMessages":[],"meta":{}},{"ancestorTitles":["safeNavigate","validateInternalRoute","dangerous protocol blocking"],"fullName":"safeNavigate validateInternalRoute dangerous protocol blocking blocks file: protocol","status":"passed","title":"blocks file: protocol","duration":0.4393999999999778,"failureMessages":[],"meta":{}},{"ancestorTitles":["safeNavigate","validateInternalRoute","encoded URL bypass prevention"],"fullName":"safeNavigate validateInternalRoute encoded URL bypass prevention blocks URL-encoded javascript:","status":"passed","title":"blocks URL-encoded javascript:","duration":0.43649999999990996,"failureMessages":[],"meta":{}},{"ancestorTitles":["safeNavigate","validateInternalRoute","encoded URL bypass prevention"],"fullName":"safeNavigate validateInternalRoute encoded URL bypass prevention blocks double-encoded URLs","status":"passed","title":"blocks double-encoded URLs","duration":0.57650000000001,"failureMessages":[],"meta":{}},{"ancestorTitles":["safeNavigate","validateInternalRoute","encoded URL bypass prevention"],"fullName":"safeNavigate validateInternalRoute encoded URL bypass prevention blocks URL-encoded protocol-relative URLs","status":"passed","title":"blocks URL-encoded protocol-relative URLs","duration":0.4132999999999356,"failureMessages":[],"meta":{}},{"ancestorTitles":["safeNavigate","validateInternalRoute","protocol-relative URL blocking"],"fullName":"safeNavigate validateInternalRoute protocol-relative URL blocking blocks //evil.com","status":"passed","title":"blocks //evil.com","duration":0.6983999999999924,"failureMessages":[],"meta":{}},{"ancestorTitles":["safeNavigate","validateInternalRoute","protocol-relative URL blocking"],"fullName":"safeNavigate validateInternalRoute protocol-relative URL blocking blocks //evil.com/path","status":"passed","title":"blocks //evil.com/path","duration":0.8041000000000622,"failureMessages":[],"meta":{}},{"ancestorTitles":["safeNavigate","validateInternalRoute","absolute URL blocking"],"fullName":"safeNavigate validateInternalRoute absolute URL blocking blocks http:// URLs","status":"passed","title":"blocks http:// URLs","duration":0.5896000000000186,"failureMessages":[],"meta":{}},{"ancestorTitles":["safeNavigate","validateInternalRoute","absolute URL blocking"],"fullName":"safeNavigate validateInternalRoute absolute URL blocking blocks https:// URLs","status":"passed","title":"blocks https:// URLs","duration":0.3425999999999476,"failureMessages":[],"meta":{}},{"ancestorTitles":["safeNavigate","validateInternalRoute","absolute URL blocking"],"fullName":"safeNavigate validateInternalRoute absolute URL blocking blocks ftp:// URLs","status":"passed","title":"blocks ftp:// URLs","duration":0.25879999999995107,"failureMessages":[],"meta":{}},{"ancestorTitles":["safeNavigate","validateInternalRoute","path traversal normalization"],"fullName":"safeNavigate validateInternalRoute path traversal normalization normalizes ../ sequences","status":"passed","title":"normalizes ../ sequences","duration":0.36199999999996635,"failureMessages":[],"meta":{}},{"ancestorTitles":["safeNavigate","validateInternalRoute","path traversal normalization"],"fullName":"safeNavigate validateInternalRoute path traversal normalization prevents escaping root","status":"passed","title":"prevents escaping root","duration":0.31119999999998527,"failureMessages":[],"meta":{}},{"ancestorTitles":["safeNavigate","validateInternalRoute","path traversal normalization"],"fullName":"safeNavigate validateInternalRoute path traversal normalization normalizes ./ sequences","status":"passed","title":"normalizes ./ sequences","duration":0.41410000000007585,"failureMessages":[],"meta":{}},{"ancestorTitles":["safeNavigate","validateInternalRoute","edge cases"],"fullName":"safeNavigate validateInternalRoute edge cases handles empty string","status":"passed","title":"handles empty string","duration":0.3349999999999227,"failureMessages":[],"meta":{}},{"ancestorTitles":["safeNavigate","validateInternalRoute","edge cases"],"fullName":"safeNavigate validateInternalRoute edge cases handles whitespace","status":"failed","title":"handles whitespace","duration":15.134400000000028,"failureMessages":["AssertionError: expected true to be false // Object.is equality\n    at C:/Users/Administrator/Documents/ndc-redesign-website/client/src/utils/__tests__/safeNavigate.test.ts:166:40\n    at file:///C:/Users/Administrator/Documents/ndc-redesign-website/node_modules/@vitest/runner/dist/index.js:145:11\n    at file:///C:/Users/Administrator/Documents/ndc-redesign-website/node_modules/@vitest/runner/dist/index.js:915:26\n    at file:///C:/Users/Administrator/Documents/ndc-redesign-website/node_modules/@vitest/runner/dist/index.js:1243:20\n    at new Promise (<anonymous>)\n    at runWithTimeout (file:///C:/Users/Administrator/Documents/ndc-redesign-website/node_modules/@vitest/runner/dist/index.js:1209:10)\n    at file:///C:/Users/Administrator/Documents/ndc-redesign-website/node_modules/@vitest/runner/dist/index.js:1653:37\n    at Traces.$ (file:///C:/Users/Administrator/Documents/ndc-redesign-website/node_modules/vitest/dist/chunks/traces.U4xDYhzZ.js:115:27)\n    at trace (file:///C:/Users/Administrator/Documents/ndc-redesign-website/node_modules/vitest/dist/chunks/test.B8ej_ZHS.js:239:21)\n    at runTest (file:///C:/Users/Administrator/Documents/ndc-redesign-website/node_modules/@vitest/runner/dist/index.js:1653:12)"],"meta":{}},{"ancestorTitles":["safeNavigate","validateInternalRoute","edge cases"],"fullName":"safeNavigate validateInternalRoute edge cases uses custom fallback","status":"passed","title":"uses custom fallback","duration":0.3888999999999214,"failureMessages":[],"meta":{}},{"ancestorTitles":["safeNavigate","validateInternalRoute","edge cases"],"fullName":"safeNavigate validateInternalRoute edge cases handles null-ish values","status":"passed","title":"handles null-ish values","duration":0.2502000000000635,"failureMessages":[],"meta":{}},{"ancestorTitles":["safeNavigate","getSafeRoute"],"fullName":"safeNavigate getSafeRoute returns valid routes unchanged","status":"passed","title":"returns valid routes unchanged","duration":0.3287000000000262,"failureMessages":[],"meta":{}},{"ancestorTitles":["safeNavigate","getSafeRoute"],"fullName":"safeNavigate getSafeRoute returns fallback for invalid routes","status":"passed","title":"returns fallback for invalid routes","duration":0.28129999999998745,"failureMessages":[],"meta":{}},{"ancestorTitles":["safeNavigate","getSafeRoute"],"fullName":"safeNavigate getSafeRoute uses custom fallback","status":"passed","title":"uses custom fallback","duration":0.23479999999995016,"failureMessages":[],"meta":{}},{"ancestorTitles":["safeNavigate","validateExternalUrl"],"fullName":"safeNavigate validateExternalUrl accepts https:// URLs","status":"passed","title":"accepts https:// URLs","duration":0.4534999999999627,"failureMessages":[],"meta":{}},{"ancestorTitles":["safeNavigate","validateExternalUrl"],"fullName":"safeNavigate validateExternalUrl accepts http:// URLs","status":"passed","title":"accepts http:// URLs","duration":0.2603000000000293,"failureMessages":[],"meta":{}},{"ancestorTitles":["safeNavigate","validateExternalUrl"],"fullName":"safeNavigate validateExternalUrl blocks javascript: URLs","status":"passed","title":"blocks javascript: URLs","duration":0.26120000000003074,"failureMessages":[],"meta":{}},{"ancestorTitles":["safeNavigate","validateExternalUrl"],"fullName":"safeNavigate validateExternalUrl blocks relative URLs","status":"passed","title":"blocks relative URLs","duration":0.31560000000001764,"failureMessages":[],"meta":{}},{"ancestorTitles":["safeNavigate","validateExternalUrl"],"fullName":"safeNavigate validateExternalUrl blocks protocol-relative URLs","status":"passed","title":"blocks protocol-relative URLs","duration":0.24490000000002965,"failureMessages":[],"meta":{}},{"ancestorTitles":["safeNavigate","isExternalUrl"],"fullName":"safeNavigate isExternalUrl identifies https URLs","status":"passed","title":"identifies https URLs","duration":0.3224999999999909,"failureMessages":[],"meta":{}},{"ancestorTitles":["safeNavigate","isExternalUrl"],"fullName":"safeNavigate isExternalUrl identifies http URLs","status":"passed","title":"identifies http URLs","duration":0.15350000000000819,"failureMessages":[],"meta":{}},{"ancestorTitles":["safeNavigate","isExternalUrl"],"fullName":"safeNavigate isExternalUrl rejects relative paths","status":"passed","title":"rejects relative paths","duration":0.13990000000001146,"failureMessages":[],"meta":{}},{"ancestorTitles":["safeNavigate","isExternalUrl"],"fullName":"safeNavigate isExternalUrl handles encoded URLs","status":"passed","title":"handles encoded URLs","duration":0.16989999999998417,"failureMessages":[],"meta":{}},{"ancestorTitles":["safeNavigate","isExternalUrl"],"fullName":"safeNavigate isExternalUrl handles empty input","status":"passed","title":"handles empty input","duration":0.13459999999997763,"failureMessages":[],"meta":{}}],"startTime":1767469974668,"endTime":1767469974707.3225,"status":"failed","message":"","name":"C:/Users/Administrator/Documents/ndc-redesign-website/client/src/utils/__tests__/safeNavigate.test.ts"}]}
